1/5/2016 7:24:15 PM: ^7C^4^h^1ing ^4K^1r^7s (kristofferandersen) Disconnected
1/5/2016 7:24:21 PM: ^7C^4^h^1ing ^4K^1r^7s (kristofferandersen) Disconnected
1/5/2016 10:23:43 PM: ^7２ＪＺｰ^1ＳＵＰＲＡ (DeathlyAgs) Disconnected
1/5/2016 10:26:35 PM: ^7２ＪＺｰ^1ＳＵＰＲＡ (DeathlyAgs) Disconnected
1/5/2016 10:47:58 PM: ^7C^4^h^1ing ^4K^1r^7s (kristofferandersen) Disconnected
1/5/2016 11:00:28 PM: ^7２ＪＺｰ^1ＳＵＰＲＡ (DeathlyAgs) Disconnected
1/5/2016 11:01:54 PM: ^7２ＪＺｰ^1ＳＵＰＲＡ (DeathlyAgs) Disconnected
1/5/2016 11:05:10 PM: ^7２ＪＺｰ^1ＳＵＰＲＡ (DeathlyAgs) Disconnected
1/5/2016 11:40:40 PM: ^7２ＪＺｰ^1ＳＵＰＲＡ (DeathlyAgs) Disconnected
1/6/2016 2:04:32 AM: ^7C^4^h^1ing ^4K^1r^7s (kristofferandersen) Disconnected
1/6/2016 11:27:02 AM: ^7C^4^h^1ing ^4K^1r^7s (kristofferandersen) Disconnected
1/6/2016 12:20:00 PM: ^3Isak (Dr1ft Killer) Disconnected
1/7/2016 5:21:24 PM: kriss (kristofferandersen) Disconnected
1/8/2016 11:20:40 AM: ^1POOR^7Kriss (kristofferandersen) Disconnected
1/8/2016 1:27:53 PM: ^7n^0α^7k^0ε^7x^6ぜ (nakex) Disconnected
1/8/2016 1:41:40 PM: ^1WS ^7• POJO (Don Jortikka) Disconnected
1/8/2016 1:51:06 PM: ^1POOR^7Kriss (kristofferandersen) Disconnected
1/8/2016 2:39:38 PM: ^7n^0α^7k^0ε^7x^6ぜ (nakex) Disconnected
1/8/2016 2:43:42 PM: ^1POOR^7Kriss (kristofferandersen) Disconnected
1/8/2016 4:39:37 PM: ^7Itachi^1?^7? (Yondaimez) Disconnected
1/8/2016 4:53:46 PM: ^2C^h^7Kriss (kristofferandersen) Disconnected
1/8/2016 5:18:37 PM: bmw e28 (GreatCz) Disconnected
1/8/2016 5:28:35 PM: ^0NF^1Productions © (NFP) Disconnected
1/8/2016 5:32:17 PM: ^6drift^0team^51337 (skanehimon) Disconnected
1/8/2016 5:43:03 PM: ^2C^h^7Kriss (kristofferandersen) Disconnected
1/8/2016 5:46:00 PM: ^0NF^1Productions © (NFP) Disconnected
1/8/2016 5:57:24 PM: ^2C^h^7Kriss (kristofferandersen) Disconnected
1/8/2016 6:56:16 PM: ^4xmatis98 (xmatis98) Disconnected
1/8/2016 7:07:51 PM: ^2arjan^0248 (arjan248) Disconnected
1/8/2016 7:11:20 PM: ^2C^h^7Kriss (kristofferandersen) Disconnected
1/8/2016 7:38:44 PM: ^0NF^1Productions © (NFP) Disconnected
1/8/2016 8:19:25 PM: ^2C^h^7Kriss (kristofferandersen) Disconnected
1/8/2016 10:18:05 PM: ^2C^h^7Kriss (kristofferandersen) Disconnected
1/9/2016 12:49:49 AM: ^2C^h^7Kriss (kristofferandersen) Disconnected
1/9/2016 1:03:02 AM: ^2C^h^7Kriss (kristofferandersen) Disconnected
1/9/2016 1:32:38 AM: ^0[^2GLOW^0] ^2Ehet (EHETZIP) Disconnected
1/9/2016 1:32:52 AM: ^4ixion^0.^1Angel (sergey29) Disconnected
1/9/2016 1:33:01 AM: ^4ixion^0.^1Angel (sergey29) Disconnected
1/9/2016 1:33:32 AM: ^4ixion^0.^1Angel (sergey29) Disconnected
1/9/2016 1:33:49 AM: ^7RedJohn ^3亗 (RedJ) Disconnected
1/9/2016 1:34:48 AM: ^0[^2GLOW^0] ^2Ehet (EHETZIP) Disconnected
1/9/2016 1:47:33 AM: ^2C^h^7Kriss (kristofferandersen) Disconnected
1/9/2016 7:51:03 PM: ^7Kriss (kristofferandersen) Disconnected
1/9/2016 7:56:55 PM: ^7Crashed Fortuner 2010 (i3g4m3r) Disconnected
1/9/2016 8:19:07 PM: ^7Kriss (kristofferandersen) Disconnected
1/12/2016 8:57:34 AM: ^1WS ^7• Kriss (kristofferandersen) Disconnected
1/12/2016 5:31:35 PM: ^1WS ^7• Kriss (kristofferandersen) Disconnected
1/12/2016 9:38:07 PM: ^1WS ^7• Kriss (kristofferandersen) Disconnected
1/12/2016 9:38:18 PM: ^4impactBlue^7™ DanTa¢• (Bass-Driver) Disconnected
1/12/2016 10:03:31 PM: ^4impactBlue^7™ DanTa¢• (Bass-Driver) Disconnected
1/12/2016 10:08:25 PM: ^1WS ^7• Kriss (kristofferandersen) Disconnected
1/12/2016 10:11:38 PM: ^1WS ^7• Kriss (kristofferandersen) Disconnected
1/12/2016 10:31:32 PM: ^1WS ^7• Kriss (kristofferandersen) Disconnected
1/12/2016 10:38:14 PM: ^1WS ^7• Kriss (kristofferandersen) Disconnected
1/12/2016 10:44:24 PM: ^1WS ^7• Kriss (kristofferandersen) Disconnected
1/12/2016 10:48:47 PM: ^1WS ^7• Kriss (kristofferandersen) Disconnected
1/12/2016 10:50:02 PM: ^1WS ^7• Kriss (kristofferandersen) Disconnected
1/12/2016 10:50:23 PM: ^1WS ^7• Kriss (kristofferandersen) Disconnected
1/12/2016 10:53:26 PM: ^1WS ^7• Kriss (kristofferandersen) Disconnected
1/12/2016 10:55:15 PM: ^1WS ^7• Kriss (kristofferandersen) Disconnected
1/12/2016 10:55:58 PM: ^1WS ^7• Kriss (kristofferandersen) Disconnected
1/12/2016 10:57:18 PM: ^1WS ^7• Kriss (kristofferandersen) Disconnected
1/12/2016 10:59:00 PM: ^1WS ^7• Kriss (kristofferandersen) Disconnected
1/12/2016 11:00:36 PM: ^1WS ^7• Kriss (kristofferandersen) Disconnected
1/12/2016 11:02:13 PM: ^1WS ^7• Kriss (kristofferandersen) Disconnected
1/12/2016 11:02:19 PM: ^1WS ^7• Kriss (kristofferandersen) Disconnected
1/12/2016 11:05:08 PM: ^1WS ^7• Kriss (kristofferandersen) Disconnected
1/12/2016 11:22:47 PM: ^1WS ^7• Kriss (kristofferandersen) Disconnected
1/12/2016 11:26:56 PM: ^1WS ^7• Kriss (kristofferandersen) Disconnected
1/12/2016 11:27:09 PM: ^1WS ^7• Kriss (kristofferandersen) Disconnected
1/12/2016 11:30:57 PM: ^1WS ^7• Kriss (kristofferandersen) Disconnected
1/12/2016 11:36:49 PM: ^1WS ^7• Kriss (kristofferandersen) Disconnected
